{"C:\\Users\\AR FAST\\Desktop\\notes\\cohort-9-mern-13941-umer\\backend\\app.js": {"path":"C:\\Users\\AR FAST\\Desktop\\notes\\cohort-9-mern-13941-umer\\backend\\app.js","statementMap":{"0":{"start":{"line":3,"column":0},"end":{"line":3,"column":27}},"1":{"start":{"line":4,"column":16},"end":{"line":4,"column":34}},"2":{"start":{"line":5,"column":13},"end":{"line":5,"column":28}},"3":{"start":{"line":6,"column":21},"end":{"line":6,"column":58}},"4":{"start":{"line":8,"column":17},"end":{"line":8,"column":45}},"5":{"start":{"line":9,"column":19},"end":{"line":9,"column":49}},"6":{"start":{"line":10,"column":19},"end":{"line":10,"column":49}},"7":{"start":{"line":11,"column":19},"end":{"line":11,"column":49}},"8":{"start":{"line":13,"column":12},"end":{"line":13,"column":21}},"9":{"start":{"line":14,"column":15},"end":{"line":14,"column":21}},"10":{"start":{"line":16,"column":0},"end":{"line":16,"column":24}},"11":{"start":{"line":18,"column":0},"end":{"line":18,"column":29}},"12":{"start":{"line":19,"column":0},"end":{"line":19,"column":33}},"13":{"start":{"line":20,"column":0},"end":{"line":20,"column":34}},"14":{"start":{"line":21,"column":0},"end":{"line":21,"column":34}},"15":{"start":{"line":23,"column":0},"end":{"line":29,"column":3}},"16":{"start":{"line":24,"column":4},"end":{"line":24,"column":47}},"17":{"start":{"line":25,"column":4},"end":{"line":28,"column":7}},"18":{"start":{"line":31,"column":0},"end":{"line":35,"column":3}},"19":{"start":{"line":32,"column":18},"end":{"line":32,"column":67}},"20":{"start":{"line":33,"column":4},"end":{"line":33,"column":27}},"21":{"start":{"line":34,"column":4},"end":{"line":34,"column":16}},"22":{"start":{"line":37,"column":0},"end":{"line":39,"column":3}},"23":{"start":{"line":38,"column":4},"end":{"line":38,"column":80}},"24":{"start":{"line":41,"column":0},"end":{"line":41,"column":22}},"25":{"start":{"line":43,"column":0},"end":{"line":43,"column":21}}},"fnMap":{"0":{"name":"(anonymous_0)","decl":{"start":{"line":23,"column":23},"end":{"line":23,"column":24}},"loc":{"start":{"line":23,"column":37},"end":{"line":29,"column":1}},"line":23},"1":{"name":"(anonymous_1)","decl":{"start":{"line":31,"column":27},"end":{"line":31,"column":28}},"loc":{"start":{"line":31,"column":47},"end":{"line":35,"column":1}},"line":31},"2":{"name":"(anonymous_2)","decl":{"start":{"line":37,"column":8},"end":{"line":37,"column":9}},"loc":{"start":{"line":37,"column":22},"end":{"line":39,"column":1}},"line":37}},"branchMap":{},"s":{"0":1,"1":1,"2":1,"3":1,"4":1,"5":1,"6":1,"7":1,"8":1,"9":1,"10":1,"11":1,"12":1,"13":1,"14":1,"15":1,"16":0,"17":0,"18":1,"19":0,"20":0,"21":0,"22":1,"23":0,"24":1,"25":1},"f":{"0":0,"1":0,"2":0},"b":{},"_coverageSchema":"1a1c01bbd47fc00a2c39e90264f33305004495a9","hash":"c39e88fe21caaa28b11919bb78587c3cdd3dc216"}
,"C:\\Users\\AR FAST\\Desktop\\notes\\cohort-9-mern-13941-umer\\backend\\socket.js": {"path":"C:\\Users\\AR FAST\\Desktop\\notes\\cohort-9-mern-13941-umer\\backend\\socket.js","statementMap":{"0":{"start":{"line":1,"column":19},"end":{"line":1,"column":39}},"1":{"start":{"line":2,"column":12},"end":{"line":2,"column":35}},"2":{"start":{"line":3,"column":0},"end":{"line":3,"column":27}},"3":{"start":{"line":7,"column":19},"end":{"line":35,"column":1}},"4":{"start":{"line":8,"column":2},"end":{"line":13,"column":5}},"5":{"start":{"line":15,"column":2},"end":{"line":27,"column":5}},"6":{"start":{"line":16,"column":18},"end":{"line":16,"column":79}},"7":{"start":{"line":17,"column":4},"end":{"line":19,"column":5}},"8":{"start":{"line":18,"column":6},"end":{"line":18,"column":68}},"9":{"start":{"line":20,"column":4},"end":{"line":26,"column":5}},"10":{"start":{"line":21,"column":22},"end":{"line":21,"column":63}},"11":{"start":{"line":22,"column":6},"end":{"line":22,"column":33}},"12":{"start":{"line":23,"column":6},"end":{"line":23,"column":13}},"13":{"start":{"line":25,"column":6},"end":{"line":25,"column":61}},"14":{"start":{"line":29,"column":2},"end":{"line":32,"column":5}},"15":{"start":{"line":31,"column":4},"end":{"line":31,"column":41}},"16":{"start":{"line":34,"column":2},"end":{"line":34,"column":12}},"17":{"start":{"line":37,"column":14},"end":{"line":39,"column":1}},"18":{"start":{"line":38,"column":2},"end":{"line":38,"column":12}},"19":{"start":{"line":41,"column":0},"end":{"line":44,"column":2}}},"fnMap":{"0":{"name":"(anonymous_0)","decl":{"start":{"line":7,"column":19},"end":{"line":7,"column":20}},"loc":{"start":{"line":7,"column":31},"end":{"line":35,"column":1}},"line":7},"1":{"name":"(anonymous_1)","decl":{"start":{"line":15,"column":9},"end":{"line":15,"column":10}},"loc":{"start":{"line":15,"column":27},"end":{"line":27,"column":3}},"line":15},"2":{"name":"(anonymous_2)","decl":{"start":{"line":29,"column":22},"end":{"line":29,"column":23}},"loc":{"start":{"line":29,"column":34},"end":{"line":32,"column":3}},"line":29},"3":{"name":"(anonymous_3)","decl":{"start":{"line":37,"column":14},"end":{"line":37,"column":15}},"loc":{"start":{"line":37,"column":20},"end":{"line":39,"column":1}},"line":37}},"branchMap":{"0":{"loc":{"start":{"line":16,"column":18},"end":{"line":16,"column":79}},"type":"binary-expr","locations":[{"start":{"line":16,"column":18},"end":{"line":16,"column":45}},{"start":{"line":16,"column":49},"end":{"line":16,"column":79}}],"line":16},"1":{"loc":{"start":{"line":17,"column":4},"end":{"line":19,"column":5}},"type":"if","locations":[{"start":{"line":17,"column":4},"end":{"line":19,"column":5}},{"start":{},"end":{}}],"line":17}},"s":{"0":1,"1":1,"2":1,"3":1,"4":0,"5":0,"6":0,"7":0,"8":0,"9":0,"10":0,"11":0,"12":0,"13":0,"14":0,"15":0,"16":0,"17":1,"18":0,"19":1},"f":{"0":0,"1":0,"2":0,"3":0},"b":{"0":[0,0],"1":[0,0]},"_coverageSchema":"1a1c01bbd47fc00a2c39e90264f33305004495a9","hash":"17eee25ffc23c96105f8ec4d656c8a60fa8ab3cd"}
,"C:\\Users\\AR FAST\\Desktop\\notes\\cohort-9-mern-13941-umer\\backend\\config\\db.js": {"path":"C:\\Users\\AR FAST\\Desktop\\notes\\cohort-9-mern-13941-umer\\backend\\config\\db.js","statementMap":{"0":{"start":{"line":2,"column":14},"end":{"line":2,"column":39}},"1":{"start":{"line":5,"column":13},"end":{"line":10,"column":2}},"2":{"start":{"line":13,"column":0},"end":{"line":13,"column":22}}},"fnMap":{},"branchMap":{"0":{"loc":{"start":{"line":6,"column":10},"end":{"line":6,"column":44}},"type":"binary-expr","locations":[{"start":{"line":6,"column":10},"end":{"line":6,"column":29}},{"start":{"line":6,"column":33},"end":{"line":6,"column":44}}],"line":6},"1":{"loc":{"start":{"line":9,"column":14},"end":{"line":9,"column":48}},"type":"binary-expr","locations":[{"start":{"line":9,"column":14},"end":{"line":9,"column":33}},{"start":{"line":9,"column":37},"end":{"line":9,"column":48}}],"line":9}},"s":{"0":1,"1":1,"2":1},"f":{},"b":{"0":[1,1],"1":[1,1]},"_coverageSchema":"1a1c01bbd47fc00a2c39e90264f33305004495a9","hash":"a763b6e7e6cb781d6b515ae6ed5179d30f59c59d"}
,"C:\\Users\\AR FAST\\Desktop\\notes\\cohort-9-mern-13941-umer\\backend\\controllers\\authController.js": {"path":"C:\\Users\\AR FAST\\Desktop\\notes\\cohort-9-mern-13941-umer\\backend\\controllers\\authController.js","statementMap":{"0":{"start":{"line":1,"column":15},"end":{"line":1,"column":32}},"1":{"start":{"line":2,"column":12},"end":{"line":2,"column":35}},"2":{"start":{"line":3,"column":15},"end":{"line":3,"column":32}},"3":{"start":{"line":6,"column":36},"end":{"line":6,"column":66}},"4":{"start":{"line":11,"column":15},"end":{"line":61,"column":1}},"5":{"start":{"line":12,"column":4},"end":{"line":60,"column":5}},"6":{"start":{"line":14,"column":42},"end":{"line":14,"column":50}},"7":{"start":{"line":17,"column":7},"end":{"line":28,"column":9}},"8":{"start":{"line":25,"column":12},"end":{"line":27,"column":15}},"9":{"start":{"line":30,"column":27},"end":{"line":30,"column":55}},"10":{"start":{"line":31,"column":8},"end":{"line":33,"column":9}},"11":{"start":{"line":32,"column":12},"end":{"line":32,"column":77}},"12":{"start":{"line":34,"column":8},"end":{"line":36,"column":9}},"13":{"start":{"line":35,"column":12},"end":{"line":35,"column":100}},"14":{"start":{"line":38,"column":29},"end":{"line":38,"column":57}},"15":{"start":{"line":40,"column":8},"end":{"line":44,"column":9}},"16":{"start":{"line":41,"column":12},"end":{"line":43,"column":15}},"17":{"start":{"line":47,"column":31},"end":{"line":47,"column":62}},"18":{"start":{"line":49,"column":8},"end":{"line":49,"column":54}},"19":{"start":{"line":51,"column":8},"end":{"line":51,"column":56}},"20":{"start":{"line":53,"column":8},"end":{"line":56,"column":11}},"21":{"start":{"line":59,"column":8},"end":{"line":59,"column":18}},"22":{"start":{"line":66,"column":14},"end":{"line":124,"column":1}},"23":{"start":{"line":68,"column":4},"end":{"line":123,"column":5}},"24":{"start":{"line":70,"column":36},"end":{"line":70,"column":44}},"25":{"start":{"line":73,"column":7},"end":{"line":82,"column":9}},"26":{"start":{"line":79,"column":12},"end":{"line":81,"column":15}},"27":{"start":{"line":85,"column":21},"end":{"line":85,"column":49}},"28":{"start":{"line":87,"column":8},"end":{"line":91,"column":9}},"29":{"start":{"line":88,"column":12},"end":{"line":90,"column":15}},"30":{"start":{"line":93,"column":24},"end":{"line":93,"column":69}},"31":{"start":{"line":95,"column":8},"end":{"line":99,"column":9}},"32":{"start":{"line":96,"column":12},"end":{"line":98,"column":15}},"33":{"start":{"line":102,"column":22},"end":{"line":111,"column":9}},"34":{"start":{"line":113,"column":8},"end":{"line":113,"column":59}},"35":{"start":{"line":115,"column":8},"end":{"line":119,"column":11}},"36":{"start":{"line":122,"column":8},"end":{"line":122,"column":18}},"37":{"start":{"line":127,"column":0},"end":{"line":127,"column":35}}},"fnMap":{"0":{"name":"(anonymous_0)","decl":{"start":{"line":11,"column":15},"end":{"line":11,"column":16}},"loc":{"start":{"line":11,"column":41},"end":{"line":61,"column":1}},"line":11},"1":{"name":"(anonymous_1)","decl":{"start":{"line":66,"column":14},"end":{"line":66,"column":15}},"loc":{"start":{"line":66,"column":40},"end":{"line":124,"column":1}},"line":66}},"branchMap":{"0":{"loc":{"start":{"line":17,"column":7},"end":{"line":28,"column":9}},"type":"if","locations":[{"start":{"line":17,"column":7},"end":{"line":28,"column":9}},{"start":{},"end":{}}],"line":17},"1":{"loc":{"start":{"line":18,"column":12},"end":{"line":23,"column":21}},"type":"binary-expr","locations":[{"start":{"line":18,"column":12},"end":{"line":18,"column":36}},{"start":{"line":19,"column":12},"end":{"line":19,"column":37}},{"start":{"line":20,"column":12},"end":{"line":20,"column":40}},{"start":{"line":21,"column":12},"end":{"line":21,"column":17}},{"start":{"line":22,"column":12},"end":{"line":22,"column":18}},{"start":{"line":23,"column":12},"end":{"line":23,"column":21}}],"line":18},"2":{"loc":{"start":{"line":31,"column":8},"end":{"line":33,"column":9}},"type":"if","locations":[{"start":{"line":31,"column":8},"end":{"line":33,"column":9}},{"start":{},"end":{}}],"line":31},"3":{"loc":{"start":{"line":34,"column":8},"end":{"line":36,"column":9}},"type":"if","locations":[{"start":{"line":34,"column":8},"end":{"line":36,"column":9}},{"start":{},"end":{}}],"line":34},"4":{"loc":{"start":{"line":40,"column":8},"end":{"line":44,"column":9}},"type":"if","locations":[{"start":{"line":40,"column":8},"end":{"line":44,"column":9}},{"start":{},"end":{}}],"line":40},"5":{"loc":{"start":{"line":73,"column":7},"end":{"line":82,"column":9}},"type":"if","locations":[{"start":{"line":73,"column":7},"end":{"line":82,"column":9}},{"start":{},"end":{}}],"line":73},"6":{"loc":{"start":{"line":74,"column":12},"end":{"line":77,"column":21}},"type":"binary-expr","locations":[{"start":{"line":74,"column":12},"end":{"line":74,"column":37}},{"start":{"line":75,"column":12},"end":{"line":75,"column":40}},{"start":{"line":76,"column":12},"end":{"line":76,"column":18}},{"start":{"line":77,"column":12},"end":{"line":77,"column":21}}],"line":74},"7":{"loc":{"start":{"line":87,"column":8},"end":{"line":91,"column":9}},"type":"if","locations":[{"start":{"line":87,"column":8},"end":{"line":91,"column":9}},{"start":{},"end":{}}],"line":87},"8":{"loc":{"start":{"line":95,"column":8},"end":{"line":99,"column":9}},"type":"if","locations":[{"start":{"line":95,"column":8},"end":{"line":99,"column":9}},{"start":{},"end":{}}],"line":95}},"s":{"0":1,"1":1,"2":1,"3":1,"4":1,"5":1,"6":1,"7":1,"8":0,"9":1,"10":1,"11":0,"12":1,"13":0,"14":1,"15":0,"16":0,"17":0,"18":0,"19":0,"20":0,"21":1,"22":1,"23":1,"24":1,"25":1,"26":0,"27":1,"28":0,"29":0,"30":0,"31":0,"32":0,"33":0,"34":0,"35":0,"36":1,"37":1},"f":{"0":1,"1":1},"b":{"0":[0,1],"1":[1,1,1,1,1,1],"2":[0,1],"3":[0,1],"4":[0,0],"5":[0,1],"6":[1,1,1,1],"7":[0,0],"8":[0,0]},"_coverageSchema":"1a1c01bbd47fc00a2c39e90264f33305004495a9","hash":"2304e26a95236827d7e631329028d6f175e0d46f"}
,"C:\\Users\\AR FAST\\Desktop\\notes\\cohort-9-mern-13941-umer\\backend\\controllers\\dbController.js": {"path":"C:\\Users\\AR FAST\\Desktop\\notes\\cohort-9-mern-13941-umer\\backend\\controllers\\dbController.js","statementMap":{"0":{"start":{"line":1,"column":13},"end":{"line":1,"column":36}},"1":{"start":{"line":4,"column":22},"end":{"line":12,"column":1}},"2":{"start":{"line":5,"column":4},"end":{"line":11,"column":5}},"3":{"start":{"line":6,"column":4},"end":{"line":6,"column":33}},"4":{"start":{"line":7,"column":4},"end":{"line":7,"column":56}},"5":{"start":{"line":10,"column":8},"end":{"line":10,"column":97}},"6":{"start":{"line":14,"column":0},"end":{"line":14,"column":35}}},"fnMap":{"0":{"name":"(anonymous_0)","decl":{"start":{"line":4,"column":22},"end":{"line":4,"column":23}},"loc":{"start":{"line":4,"column":42},"end":{"line":12,"column":1}},"line":4}},"branchMap":{},"s":{"0":1,"1":1,"2":0,"3":0,"4":0,"5":0,"6":1},"f":{"0":0},"b":{},"_coverageSchema":"1a1c01bbd47fc00a2c39e90264f33305004495a9","hash":"6f2036dba291cd4055af5ecab5c2ff1a5b2900d7"}
,"C:\\Users\\AR FAST\\Desktop\\notes\\cohort-9-mern-13941-umer\\backend\\controllers\\noteController.js": {"path":"C:\\Users\\AR FAST\\Desktop\\notes\\cohort-9-mern-13941-umer\\backend\\controllers\\noteController.js","statementMap":{"0":{"start":{"line":1,"column":18},"end":{"line":1,"column":48}},"1":{"start":{"line":2,"column":18},"end":{"line":2,"column":38}},"2":{"start":{"line":3,"column":13},"end":{"line":3,"column":28}},"3":{"start":{"line":4,"column":15},"end":{"line":4,"column":21}},"4":{"start":{"line":6,"column":15},"end":{"line":33,"column":1}},"5":{"start":{"line":7,"column":4},"end":{"line":32,"column":5}},"6":{"start":{"line":8,"column":21},"end":{"line":8,"column":35}},"7":{"start":{"line":9,"column":22},"end":{"line":9,"column":32}},"8":{"start":{"line":10,"column":24},"end":{"line":10,"column":36}},"9":{"start":{"line":11,"column":23},"end":{"line":11,"column":34}},"10":{"start":{"line":13,"column":8},"end":{"line":15,"column":9}},"11":{"start":{"line":14,"column":12},"end":{"line":14,"column":82}},"12":{"start":{"line":16,"column":8},"end":{"line":18,"column":9}},"13":{"start":{"line":17,"column":12},"end":{"line":17,"column":84}},"14":{"start":{"line":20,"column":22},"end":{"line":20,"column":69}},"15":{"start":{"line":22,"column":19},"end":{"line":22,"column":26}},"16":{"start":{"line":23,"column":8},"end":{"line":25,"column":9}},"17":{"start":{"line":24,"column":12},"end":{"line":24,"column":57}},"18":{"start":{"line":27,"column":8},"end":{"line":27,"column":67}},"19":{"start":{"line":28,"column":8},"end":{"line":28,"column":71}},"20":{"start":{"line":31,"column":8},"end":{"line":31,"column":18}},"21":{"start":{"line":35,"column":15},"end":{"line":49,"column":1}},"22":{"start":{"line":36,"column":4},"end":{"line":48,"column":5}},"23":{"start":{"line":37,"column":23},"end":{"line":37,"column":34}},"24":{"start":{"line":38,"column":26},"end":{"line":38,"column":42}},"25":{"start":{"line":39,"column":8},"end":{"line":41,"column":9}},"26":{"start":{"line":40,"column":12},"end":{"line":40,"column":86}},"27":{"start":{"line":42,"column":23},"end":{"line":42,"column":38}},"28":{"start":{"line":43,"column":24},"end":{"line":43,"column":68}},"29":{"start":{"line":45,"column":8},"end":{"line":45,"column":38}},"30":{"start":{"line":47,"column":8},"end":{"line":47,"column":18}},"31":{"start":{"line":51,"column":15},"end":{"line":82,"column":1}},"32":{"start":{"line":52,"column":4},"end":{"line":81,"column":5}},"33":{"start":{"line":53,"column":23},"end":{"line":53,"column":36}},"34":{"start":{"line":54,"column":21},"end":{"line":54,"column":35}},"35":{"start":{"line":55,"column":22},"end":{"line":55,"column":32}},"36":{"start":{"line":56,"column":24},"end":{"line":56,"column":36}},"37":{"start":{"line":57,"column":23},"end":{"line":57,"column":34}},"38":{"start":{"line":59,"column":8},"end":{"line":61,"column":9}},"39":{"start":{"line":60,"column":12},"end":{"line":60,"column":82}},"40":{"start":{"line":62,"column":8},"end":{"line":64,"column":9}},"41":{"start":{"line":63,"column":12},"end":{"line":63,"column":84}},"42":{"start":{"line":66,"column":24},"end":{"line":66,"column":80}},"43":{"start":{"line":68,"column":8},"end":{"line":70,"column":9}},"44":{"start":{"line":69,"column":12},"end":{"line":69,"column":71}},"45":{"start":{"line":72,"column":19},"end":{"line":72,"column":26}},"46":{"start":{"line":73,"column":8},"end":{"line":75,"column":9}},"47":{"start":{"line":74,"column":12},"end":{"line":74,"column":57}},"48":{"start":{"line":77,"column":8},"end":{"line":77,"column":56}},"49":{"start":{"line":78,"column":8},"end":{"line":78,"column":58}},"50":{"start":{"line":80,"column":8},"end":{"line":80,"column":18}},"51":{"start":{"line":84,"column":19},"end":{"line":105,"column":1}},"52":{"start":{"line":85,"column":4},"end":{"line":104,"column":5}},"53":{"start":{"line":86,"column":23},"end":{"line":86,"column":36}},"54":{"start":{"line":87,"column":23},"end":{"line":87,"column":34}},"55":{"start":{"line":89,"column":24},"end":{"line":89,"column":66}},"56":{"start":{"line":91,"column":8},"end":{"line":93,"column":9}},"57":{"start":{"line":92,"column":12},"end":{"line":92,"column":71}},"58":{"start":{"line":95,"column":19},"end":{"line":95,"column":26}},"59":{"start":{"line":96,"column":8},"end":{"line":98,"column":9}},"60":{"start":{"line":97,"column":12},"end":{"line":97,"column":57}},"61":{"start":{"line":100,"column":8},"end":{"line":100,"column":56}},"62":{"start":{"line":101,"column":8},"end":{"line":101,"column":58}},"63":{"start":{"line":103,"column":8},"end":{"line":103,"column":18}},"64":{"start":{"line":107,"column":20},"end":{"line":115,"column":1}},"65":{"start":{"line":108,"column":4},"end":{"line":114,"column":5}},"66":{"start":{"line":109,"column":23},"end":{"line":109,"column":34}},"67":{"start":{"line":110,"column":22},"end":{"line":110,"column":62}},"68":{"start":{"line":111,"column":8},"end":{"line":111,"column":36}},"69":{"start":{"line":113,"column":8},"end":{"line":113,"column":18}},"70":{"start":{"line":117,"column":20},"end":{"line":138,"column":1}},"71":{"start":{"line":118,"column":4},"end":{"line":137,"column":5}},"72":{"start":{"line":119,"column":23},"end":{"line":119,"column":34}},"73":{"start":{"line":120,"column":22},"end":{"line":120,"column":36}},"74":{"start":{"line":122,"column":8},"end":{"line":124,"column":9}},"75":{"start":{"line":123,"column":12},"end":{"line":123,"column":76}},"76":{"start":{"line":126,"column":30},"end":{"line":126,"column":73}},"77":{"start":{"line":128,"column":19},"end":{"line":128,"column":26}},"78":{"start":{"line":129,"column":8},"end":{"line":131,"column":9}},"79":{"start":{"line":130,"column":12},"end":{"line":130,"column":57}},"80":{"start":{"line":133,"column":8},"end":{"line":133,"column":72}},"81":{"start":{"line":134,"column":8},"end":{"line":134,"column":95}},"82":{"start":{"line":136,"column":8},"end":{"line":136,"column":18}},"83":{"start":{"line":140,"column":0},"end":{"line":142,"column":2}}},"fnMap":{"0":{"name":"(anonymous_0)","decl":{"start":{"line":6,"column":15},"end":{"line":6,"column":16}},"loc":{"start":{"line":6,"column":41},"end":{"line":33,"column":1}},"line":6},"1":{"name":"(anonymous_1)","decl":{"start":{"line":35,"column":15},"end":{"line":35,"column":16}},"loc":{"start":{"line":35,"column":41},"end":{"line":49,"column":1}},"line":35},"2":{"name":"(anonymous_2)","decl":{"start":{"line":51,"column":15},"end":{"line":51,"column":16}},"loc":{"start":{"line":51,"column":41},"end":{"line":82,"column":1}},"line":51},"3":{"name":"(anonymous_3)","decl":{"start":{"line":84,"column":19},"end":{"line":84,"column":20}},"loc":{"start":{"line":84,"column":45},"end":{"line":105,"column":1}},"line":84},"4":{"name":"(anonymous_4)","decl":{"start":{"line":107,"column":20},"end":{"line":107,"column":21}},"loc":{"start":{"line":107,"column":46},"end":{"line":115,"column":1}},"line":107},"5":{"name":"(anonymous_5)","decl":{"start":{"line":117,"column":20},"end":{"line":117,"column":21}},"loc":{"start":{"line":117,"column":46},"end":{"line":138,"column":1}},"line":117}},"branchMap":{"0":{"loc":{"start":{"line":8,"column":21},"end":{"line":8,"column":35}},"type":"binary-expr","locations":[{"start":{"line":8,"column":21},"end":{"line":8,"column":29}},{"start":{"line":8,"column":33},"end":{"line":8,"column":35}}],"line":8},"1":{"loc":{"start":{"line":13,"column":8},"end":{"line":15,"column":9}},"type":"if","locations":[{"start":{"line":13,"column":8},"end":{"line":15,"column":9}},{"start":{},"end":{}}],"line":13},"2":{"loc":{"start":{"line":13,"column":12},"end":{"line":13,"column":70}},"type":"binary-expr","locations":[{"start":{"line":13,"column":12},"end":{"line":13,"column":18}},{"start":{"line":13,"column":22},"end":{"line":13,"column":47}},{"start":{"line":13,"column":51},"end":{"line":13,"column":70}}],"line":13},"3":{"loc":{"start":{"line":16,"column":8},"end":{"line":18,"column":9}},"type":"if","locations":[{"start":{"line":16,"column":8},"end":{"line":18,"column":9}},{"start":{},"end":{}}],"line":16},"4":{"loc":{"start":{"line":16,"column":12},"end":{"line":16,"column":76}},"type":"binary-expr","locations":[{"start":{"line":16,"column":12},"end":{"line":16,"column":20}},{"start":{"line":16,"column":24},"end":{"line":16,"column":51}},{"start":{"line":16,"column":55},"end":{"line":16,"column":76}}],"line":16},"5":{"loc":{"start":{"line":23,"column":8},"end":{"line":25,"column":9}},"type":"if","locations":[{"start":{"line":23,"column":8},"end":{"line":25,"column":9}},{"start":{},"end":{}}],"line":23},"6":{"loc":{"start":{"line":39,"column":8},"end":{"line":41,"column":9}},"type":"if","locations":[{"start":{"line":39,"column":8},"end":{"line":41,"column":9}},{"start":{},"end":{}}],"line":39},"7":{"loc":{"start":{"line":39,"column":12},"end":{"line":39,"column":68}},"type":"binary-expr","locations":[{"start":{"line":39,"column":12},"end":{"line":39,"column":35}},{"start":{"line":39,"column":39},"end":{"line":39,"column":68}}],"line":39},"8":{"loc":{"start":{"line":42,"column":23},"end":{"line":42,"column":38}},"type":"binary-expr","locations":[{"start":{"line":42,"column":23},"end":{"line":42,"column":32}},{"start":{"line":42,"column":36},"end":{"line":42,"column":38}}],"line":42},"9":{"loc":{"start":{"line":54,"column":21},"end":{"line":54,"column":35}},"type":"binary-expr","locations":[{"start":{"line":54,"column":21},"end":{"line":54,"column":29}},{"start":{"line":54,"column":33},"end":{"line":54,"column":35}}],"line":54},"10":{"loc":{"start":{"line":59,"column":8},"end":{"line":61,"column":9}},"type":"if","locations":[{"start":{"line":59,"column":8},"end":{"line":61,"column":9}},{"start":{},"end":{}}],"line":59},"11":{"loc":{"start":{"line":59,"column":12},"end":{"line":59,"column":70}},"type":"binary-expr","locations":[{"start":{"line":59,"column":12},"end":{"line":59,"column":18}},{"start":{"line":59,"column":22},"end":{"line":59,"column":47}},{"start":{"line":59,"column":51},"end":{"line":59,"column":70}}],"line":59},"12":{"loc":{"start":{"line":62,"column":8},"end":{"line":64,"column":9}},"type":"if","locations":[{"start":{"line":62,"column":8},"end":{"line":64,"column":9}},{"start":{},"end":{}}],"line":62},"13":{"loc":{"start":{"line":62,"column":12},"end":{"line":62,"column":76}},"type":"binary-expr","locations":[{"start":{"line":62,"column":12},"end":{"line":62,"column":20}},{"start":{"line":62,"column":24},"end":{"line":62,"column":51}},{"start":{"line":62,"column":55},"end":{"line":62,"column":76}}],"line":62},"14":{"loc":{"start":{"line":68,"column":8},"end":{"line":70,"column":9}},"type":"if","locations":[{"start":{"line":68,"column":8},"end":{"line":70,"column":9}},{"start":{},"end":{}}],"line":68},"15":{"loc":{"start":{"line":73,"column":8},"end":{"line":75,"column":9}},"type":"if","locations":[{"start":{"line":73,"column":8},"end":{"line":75,"column":9}},{"start":{},"end":{}}],"line":73},"16":{"loc":{"start":{"line":91,"column":8},"end":{"line":93,"column":9}},"type":"if","locations":[{"start":{"line":91,"column":8},"end":{"line":93,"column":9}},{"start":{},"end":{}}],"line":91},"17":{"loc":{"start":{"line":96,"column":8},"end":{"line":98,"column":9}},"type":"if","locations":[{"start":{"line":96,"column":8},"end":{"line":98,"column":9}},{"start":{},"end":{}}],"line":96},"18":{"loc":{"start":{"line":122,"column":8},"end":{"line":124,"column":9}},"type":"if","locations":[{"start":{"line":122,"column":8},"end":{"line":124,"column":9}},{"start":{},"end":{}}],"line":122},"19":{"loc":{"start":{"line":122,"column":12},"end":{"line":122,"column":55}},"type":"binary-expr","locations":[{"start":{"line":122,"column":12},"end":{"line":122,"column":33}},{"start":{"line":122,"column":37},"end":{"line":122,"column":55}}],"line":122},"20":{"loc":{"start":{"line":129,"column":8},"end":{"line":131,"column":9}},"type":"if","locations":[{"start":{"line":129,"column":8},"end":{"line":131,"column":9}},{"start":{},"end":{}}],"line":129}},"s":{"0":1,"1":1,"2":1,"3":1,"4":1,"5":0,"6":0,"7":0,"8":0,"9":0,"10":0,"11":0,"12":0,"13":0,"14":0,"15":0,"16":0,"17":0,"18":0,"19":0,"20":0,"21":1,"22":0,"23":0,"24":0,"25":0,"26":0,"27":0,"28":0,"29":0,"30":0,"31":1,"32":0,"33":0,"34":0,"35":0,"36":0,"37":0,"38":0,"39":0,"40":0,"41":0,"42":0,"43":0,"44":0,"45":0,"46":0,"47":0,"48":0,"49":0,"50":0,"51":1,"52":0,"53":0,"54":0,"55":0,"56":0,"57":0,"58":0,"59":0,"60":0,"61":0,"62":0,"63":0,"64":1,"65":0,"66":0,"67":0,"68":0,"69":0,"70":1,"71":0,"72":0,"73":0,"74":0,"75":0,"76":0,"77":0,"78":0,"79":0,"80":0,"81":0,"82":0,"83":1},"f":{"0":0,"1":0,"2":0,"3":0,"4":0,"5":0},"b":{"0":[0,0],"1":[0,0],"2":[0,0,0],"3":[0,0],"4":[0,0,0],"5":[0,0],"6":[0,0],"7":[0,0],"8":[0,0],"9":[0,0],"10":[0,0],"11":[0,0,0],"12":[0,0],"13":[0,0,0],"14":[0,0],"15":[0,0],"16":[0,0],"17":[0,0],"18":[0,0],"19":[0,0],"20":[0,0]},"_coverageSchema":"1a1c01bbd47fc00a2c39e90264f33305004495a9","hash":"d58256f6b089e2f20cb8234d551656ccbd09b8ae"}
,"C:\\Users\\AR FAST\\Desktop\\notes\\cohort-9-mern-13941-umer\\backend\\controllers\\userController.js": {"path":"C:\\Users\\AR FAST\\Desktop\\notes\\cohort-9-mern-13941-umer\\backend\\controllers\\userController.js","statementMap":{"0":{"start":{"line":1,"column":18},"end":{"line":1,"column":48}},"1":{"start":{"line":3,"column":19},"end":{"line":15,"column":1}},"2":{"start":{"line":4,"column":2},"end":{"line":14,"column":3}},"3":{"start":{"line":5,"column":17},"end":{"line":5,"column":64}},"4":{"start":{"line":7,"column":4},"end":{"line":9,"column":5}},"5":{"start":{"line":8,"column":6},"end":{"line":8,"column":65}},"6":{"start":{"line":11,"column":4},"end":{"line":11,"column":78}},"7":{"start":{"line":13,"column":4},"end":{"line":13,"column":14}},"8":{"start":{"line":17,"column":0},"end":{"line":17,"column":32}}},"fnMap":{"0":{"name":"(anonymous_0)","decl":{"start":{"line":3,"column":19},"end":{"line":3,"column":20}},"loc":{"start":{"line":3,"column":45},"end":{"line":15,"column":1}},"line":3}},"branchMap":{"0":{"loc":{"start":{"line":7,"column":4},"end":{"line":9,"column":5}},"type":"if","locations":[{"start":{"line":7,"column":4},"end":{"line":9,"column":5}},{"start":{},"end":{}}],"line":7}},"s":{"0":1,"1":1,"2":0,"3":0,"4":0,"5":0,"6":0,"7":0,"8":1},"f":{"0":0},"b":{"0":[0,0]},"_coverageSchema":"1a1c01bbd47fc00a2c39e90264f33305004495a9","hash":"da4b4b019bd6bb6b1afbca1a88cab79e418614b8"}
,"C:\\Users\\AR FAST\\Desktop\\notes\\cohort-9-mern-13941-umer\\backend\\middlewares\\authMiddleware.js": {"path":"C:\\Users\\AR FAST\\Desktop\\notes\\cohort-9-mern-13941-umer\\backend\\middlewares\\authMiddleware.js","statementMap":{"0":{"start":{"line":1,"column":12},"end":{"line":1,"column":35}},"1":{"start":{"line":6,"column":16},"end":{"line":35,"column":1}},"2":{"start":{"line":8,"column":23},"end":{"line":8,"column":48}},"3":{"start":{"line":10,"column":4},"end":{"line":14,"column":5}},"4":{"start":{"line":11,"column":8},"end":{"line":13,"column":11}},"5":{"start":{"line":16,"column":18},"end":{"line":16,"column":42}},"6":{"start":{"line":18,"column":4},"end":{"line":33,"column":5}},"7":{"start":{"line":20,"column":12},"end":{"line":23,"column":13}},"8":{"start":{"line":24,"column":8},"end":{"line":24,"column":27}},"9":{"start":{"line":26,"column":8},"end":{"line":26,"column":15}},"10":{"start":{"line":30,"column":8},"end":{"line":32,"column":11}},"11":{"start":{"line":38,"column":0},"end":{"line":38,"column":27}}},"fnMap":{"0":{"name":"(anonymous_0)","decl":{"start":{"line":6,"column":16},"end":{"line":6,"column":17}},"loc":{"start":{"line":6,"column":36},"end":{"line":35,"column":1}},"line":6}},"branchMap":{"0":{"loc":{"start":{"line":10,"column":4},"end":{"line":14,"column":5}},"type":"if","locations":[{"start":{"line":10,"column":4},"end":{"line":14,"column":5}},{"start":{},"end":{}}],"line":10},"1":{"loc":{"start":{"line":10,"column":8},"end":{"line":10,"column":56}},"type":"binary-expr","locations":[{"start":{"line":10,"column":8},"end":{"line":10,"column":19}},{"start":{"line":10,"column":23},"end":{"line":10,"column":56}}],"line":10}},"s":{"0":1,"1":1,"2":0,"3":0,"4":0,"5":0,"6":0,"7":0,"8":0,"9":0,"10":0,"11":1},"f":{"0":0},"b":{"0":[0,0],"1":[0,0]},"_coverageSchema":"1a1c01bbd47fc00a2c39e90264f33305004495a9","hash":"90b92d3f6646607b410250a7dad6e613a6243413"}
,"C:\\Users\\AR FAST\\Desktop\\notes\\cohort-9-mern-13941-umer\\backend\\middlewares\\errorHandler.js": {"path":"C:\\Users\\AR FAST\\Desktop\\notes\\cohort-9-mern-13941-umer\\backend\\middlewares\\errorHandler.js","statementMap":{"0":{"start":{"line":1,"column":15},"end":{"line":1,"column":32}},"1":{"start":{"line":5,"column":21},"end":{"line":9,"column":1}},"2":{"start":{"line":7,"column":4},"end":{"line":7,"column":30}},"3":{"start":{"line":8,"column":4},"end":{"line":8,"column":61}},"4":{"start":{"line":12,"column":0},"end":{"line":12,"column":30}}},"fnMap":{"0":{"name":"(anonymous_0)","decl":{"start":{"line":5,"column":21},"end":{"line":5,"column":22}},"loc":{"start":{"line":5,"column":46},"end":{"line":9,"column":1}},"line":5}},"branchMap":{},"s":{"0":1,"1":1,"2":2,"3":2,"4":1},"f":{"0":2},"b":{},"_coverageSchema":"1a1c01bbd47fc00a2c39e90264f33305004495a9","hash":"4d505ddbb7370090e08d69ca762b9d59f76ba3a9"}
,"C:\\Users\\AR FAST\\Desktop\\notes\\cohort-9-mern-13941-umer\\backend\\models\\noteModel.js": {"path":"C:\\Users\\AR FAST\\Desktop\\notes\\cohort-9-mern-13941-umer\\backend\\models\\noteModel.js","statementMap":{"0":{"start":{"line":1,"column":13},"end":{"line":1,"column":36}},"1":{"start":{"line":3,"column":16},"end":{"line":11,"column":1}},"2":{"start":{"line":4,"column":4},"end":{"line":10,"column":5}},"3":{"start":{"line":5,"column":18},"end":{"line":5,"column":80}},"4":{"start":{"line":6,"column":23},"end":{"line":6,"column":70}},"5":{"start":{"line":7,"column":8},"end":{"line":7,"column":29}},"6":{"start":{"line":9,"column":8},"end":{"line":9,"column":18}},"7":{"start":{"line":13,"column":21},"end":{"line":28,"column":1}},"8":{"start":{"line":14,"column":4},"end":{"line":27,"column":5}},"9":{"start":{"line":15,"column":8},"end":{"line":20,"column":9}},"10":{"start":{"line":16,"column":31},"end":{"line":16,"column":51}},"11":{"start":{"line":17,"column":22},"end":{"line":17,"column":123}},"12":{"start":{"line":18,"column":27},"end":{"line":18,"column":82}},"13":{"start":{"line":19,"column":12},"end":{"line":19,"column":24}},"14":{"start":{"line":22,"column":18},"end":{"line":22,"column":82}},"15":{"start":{"line":23,"column":23},"end":{"line":23,"column":54}},"16":{"start":{"line":24,"column":8},"end":{"line":24,"column":20}},"17":{"start":{"line":26,"column":8},"end":{"line":26,"column":18}},"18":{"start":{"line":30,"column":17},"end":{"line":38,"column":1}},"19":{"start":{"line":31,"column":4},"end":{"line":37,"column":5}},"20":{"start":{"line":32,"column":18},"end":{"line":32,"column":88}},"21":{"start":{"line":33,"column":25},"end":{"line":33,"column":80}},"22":{"start":{"line":34,"column":8},"end":{"line":34,"column":35}},"23":{"start":{"line":36,"column":8},"end":{"line":36,"column":18}},"24":{"start":{"line":40,"column":19},"end":{"line":48,"column":1}},"25":{"start":{"line":41,"column":4},"end":{"line":47,"column":5}},"26":{"start":{"line":42,"column":18},"end":{"line":42,"column":66}},"27":{"start":{"line":43,"column":25},"end":{"line":43,"column":64}},"28":{"start":{"line":44,"column":8},"end":{"line":44,"column":35}},"29":{"start":{"line":46,"column":8},"end":{"line":46,"column":18}},"30":{"start":{"line":50,"column":21},"end":{"line":77,"column":1}},"31":{"start":{"line":51,"column":4},"end":{"line":51,"column":72}},"32":{"start":{"line":51,"column":63},"end":{"line":51,"column":72}},"33":{"start":{"line":54,"column":4},"end":{"line":58,"column":5}},"34":{"start":{"line":55,"column":8},"end":{"line":57,"column":9}},"35":{"start":{"line":56,"column":12},"end":{"line":56,"column":56}},"36":{"start":{"line":60,"column":23},"end":{"line":60,"column":49}},"37":{"start":{"line":61,"column":4},"end":{"line":76,"column":5}},"38":{"start":{"line":62,"column":8},"end":{"line":62,"column":44}},"39":{"start":{"line":63,"column":20},"end":{"line":63,"column":21}},"40":{"start":{"line":64,"column":8},"end":{"line":68,"column":9}},"41":{"start":{"line":65,"column":22},"end":{"line":65,"column":84}},"42":{"start":{"line":66,"column":12},"end":{"line":66,"column":76}},"43":{"start":{"line":67,"column":12},"end":{"line":67,"column":20}},"44":{"start":{"line":69,"column":8},"end":{"line":69,"column":34}},"45":{"start":{"line":70,"column":8},"end":{"line":70,"column":21}},"46":{"start":{"line":72,"column":8},"end":{"line":72,"column":36}},"47":{"start":{"line":73,"column":8},"end":{"line":73,"column":18}},"48":{"start":{"line":75,"column":8},"end":{"line":75,"column":29}},"49":{"start":{"line":79,"column":0},"end":{"line":85,"column":2}}},"fnMap":{"0":{"name":"(anonymous_0)","decl":{"start":{"line":3,"column":16},"end":{"line":3,"column":17}},"loc":{"start":{"line":3,"column":50},"end":{"line":11,"column":1}},"line":3},"1":{"name":"(anonymous_1)","decl":{"start":{"line":13,"column":21},"end":{"line":13,"column":22}},"loc":{"start":{"line":13,"column":52},"end":{"line":28,"column":1}},"line":13},"2":{"name":"(anonymous_2)","decl":{"start":{"line":30,"column":17},"end":{"line":30,"column":18}},"loc":{"start":{"line":30,"column":59},"end":{"line":38,"column":1}},"line":30},"3":{"name":"(anonymous_3)","decl":{"start":{"line":40,"column":19},"end":{"line":40,"column":20}},"loc":{"start":{"line":40,"column":45},"end":{"line":48,"column":1}},"line":40},"4":{"name":"(anonymous_4)","decl":{"start":{"line":50,"column":21},"end":{"line":50,"column":22}},"loc":{"start":{"line":50,"column":51},"end":{"line":77,"column":1}},"line":50}},"branchMap":{"0":{"loc":{"start":{"line":13,"column":36},"end":{"line":13,"column":47}},"type":"default-arg","locations":[{"start":{"line":13,"column":45},"end":{"line":13,"column":47}}],"line":13},"1":{"loc":{"start":{"line":15,"column":8},"end":{"line":20,"column":9}},"type":"if","locations":[{"start":{"line":15,"column":8},"end":{"line":20,"column":9}},{"start":{},"end":{}}],"line":15},"2":{"loc":{"start":{"line":15,"column":12},"end":{"line":15,"column":42}},"type":"binary-expr","locations":[{"start":{"line":15,"column":12},"end":{"line":15,"column":18}},{"start":{"line":15,"column":22},"end":{"line":15,"column":42}}],"line":15},"3":{"loc":{"start":{"line":51,"column":4},"end":{"line":51,"column":72}},"type":"if","locations":[{"start":{"line":51,"column":4},"end":{"line":51,"column":72}},{"start":{},"end":{}}],"line":51},"4":{"loc":{"start":{"line":51,"column":8},"end":{"line":51,"column":61}},"type":"binary-expr","locations":[{"start":{"line":51,"column":8},"end":{"line":51,"column":34}},{"start":{"line":51,"column":38},"end":{"line":51,"column":61}}],"line":51},"5":{"loc":{"start":{"line":55,"column":8},"end":{"line":57,"column":9}},"type":"if","locations":[{"start":{"line":55,"column":8},"end":{"line":57,"column":9}},{"start":{},"end":{}}],"line":55},"6":{"loc":{"start":{"line":55,"column":12},"end":{"line":55,"column":173}},"type":"binary-expr","locations":[{"start":{"line":55,"column":12},"end":{"line":55,"column":17}},{"start":{"line":55,"column":21},"end":{"line":55,"column":45}},{"start":{"line":55,"column":49},"end":{"line":55,"column":79}},{"start":{"line":55,"column":83},"end":{"line":55,"column":115}},{"start":{"line":55,"column":119},"end":{"line":55,"column":143}},{"start":{"line":55,"column":147},"end":{"line":55,"column":173}}],"line":55}},"s":{"0":1,"1":1,"2":0,"3":0,"4":0,"5":0,"6":0,"7":1,"8":0,"9":0,"10":0,"11":0,"12":0,"13":0,"14":0,"15":0,"16":0,"17":0,"18":1,"19":0,"20":0,"21":0,"22":0,"23":0,"24":1,"25":0,"26":0,"27":0,"28":0,"29":0,"30":1,"31":0,"32":0,"33":0,"34":0,"35":0,"36":0,"37":0,"38":0,"39":0,"40":0,"41":0,"42":0,"43":0,"44":0,"45":0,"46":0,"47":0,"48":0,"49":1},"f":{"0":0,"1":0,"2":0,"3":0,"4":0},"b":{"0":[0],"1":[0,0],"2":[0,0],"3":[0,0],"4":[0,0],"5":[0,0],"6":[0,0,0,0,0,0]},"_coverageSchema":"1a1c01bbd47fc00a2c39e90264f33305004495a9","hash":"231b794846b2fd0253f75a118471ca79a3ac0455"}
,"C:\\Users\\AR FAST\\Desktop\\notes\\cohort-9-mern-13941-umer\\backend\\models\\userModel.js": {"path":"C:\\Users\\AR FAST\\Desktop\\notes\\cohort-9-mern-13941-umer\\backend\\models\\userModel.js","statementMap":{"0":{"start":{"line":1,"column":13},"end":{"line":1,"column":36}},"1":{"start":{"line":5,"column":24},"end":{"line":13,"column":1}},"2":{"start":{"line":6,"column":4},"end":{"line":12,"column":5}},"3":{"start":{"line":7,"column":20},"end":{"line":7,"column":57}},"4":{"start":{"line":8,"column":23},"end":{"line":8,"column":55}},"5":{"start":{"line":9,"column":8},"end":{"line":9,"column":23}},"6":{"start":{"line":11,"column":8},"end":{"line":11,"column":18}},"7":{"start":{"line":17,"column":19},"end":{"line":25,"column":1}},"8":{"start":{"line":18,"column":4},"end":{"line":24,"column":5}},"9":{"start":{"line":19,"column":20},"end":{"line":19,"column":80}},"10":{"start":{"line":20,"column":25},"end":{"line":20,"column":73}},"11":{"start":{"line":21,"column":8},"end":{"line":21,"column":22}},"12":{"start":{"line":23,"column":8},"end":{"line":23,"column":18}},"13":{"start":{"line":28,"column":0},"end":{"line":28,"column":49}}},"fnMap":{"0":{"name":"(anonymous_0)","decl":{"start":{"line":5,"column":24},"end":{"line":5,"column":25}},"loc":{"start":{"line":5,"column":41},"end":{"line":13,"column":1}},"line":5},"1":{"name":"(anonymous_1)","decl":{"start":{"line":17,"column":19},"end":{"line":17,"column":20}},"loc":{"start":{"line":17,"column":52},"end":{"line":25,"column":1}},"line":17}},"branchMap":{},"s":{"0":1,"1":1,"2":2,"3":2,"4":2,"5":0,"6":2,"7":1,"8":0,"9":0,"10":0,"11":0,"12":0,"13":1},"f":{"0":2,"1":0},"b":{},"_coverageSchema":"1a1c01bbd47fc00a2c39e90264f33305004495a9","hash":"0cee7453eda6847a507ecde02b861b9897741d88"}
,"C:\\Users\\AR FAST\\Desktop\\notes\\cohort-9-mern-13941-umer\\backend\\routes\\authRoutes.js": {"path":"C:\\Users\\AR FAST\\Desktop\\notes\\cohort-9-mern-13941-umer\\backend\\routes\\authRoutes.js","statementMap":{"0":{"start":{"line":1,"column":16},"end":{"line":1,"column":34}},"1":{"start":{"line":2,"column":15},"end":{"line":2,"column":31}},"2":{"start":{"line":4,"column":26},"end":{"line":4,"column":66}},"3":{"start":{"line":7,"column":0},"end":{"line":7,"column":31}},"4":{"start":{"line":8,"column":0},"end":{"line":8,"column":29}},"5":{"start":{"line":11,"column":0},"end":{"line":11,"column":24}}},"fnMap":{},"branchMap":{},"s":{"0":1,"1":1,"2":1,"3":1,"4":1,"5":1},"f":{},"b":{},"_coverageSchema":"1a1c01bbd47fc00a2c39e90264f33305004495a9","hash":"eddff00b6611fb0d3886e37fdceca02aa5c30682"}
,"C:\\Users\\AR FAST\\Desktop\\notes\\cohort-9-mern-13941-umer\\backend\\routes\\dbRoutes.js": {"path":"C:\\Users\\AR FAST\\Desktop\\notes\\cohort-9-mern-13941-umer\\backend\\routes\\dbRoutes.js","statementMap":{"0":{"start":{"line":1,"column":16},"end":{"line":1,"column":34}},"1":{"start":{"line":3,"column":15},"end":{"line":3,"column":31}},"2":{"start":{"line":4,"column":26},"end":{"line":4,"column":64}},"3":{"start":{"line":6,"column":0},"end":{"line":6,"column":37}},"4":{"start":{"line":8,"column":0},"end":{"line":8,"column":24}}},"fnMap":{},"branchMap":{},"s":{"0":1,"1":1,"2":1,"3":1,"4":1},"f":{},"b":{},"_coverageSchema":"1a1c01bbd47fc00a2c39e90264f33305004495a9","hash":"f36608a946b341d2dab3796e8863be78755f34db"}
,"C:\\Users\\AR FAST\\Desktop\\notes\\cohort-9-mern-13941-umer\\backend\\routes\\noteRoutes.js": {"path":"C:\\Users\\AR FAST\\Desktop\\notes\\cohort-9-mern-13941-umer\\backend\\routes\\noteRoutes.js","statementMap":{"0":{"start":{"line":1,"column":16},"end":{"line":1,"column":34}},"1":{"start":{"line":2,"column":23},"end":{"line":2,"column":63}},"2":{"start":{"line":3,"column":23},"end":{"line":3,"column":63}},"3":{"start":{"line":5,"column":15},"end":{"line":5,"column":31}},"4":{"start":{"line":7,"column":0},"end":{"line":7,"column":35}},"5":{"start":{"line":9,"column":0},"end":{"line":9,"column":51}},"6":{"start":{"line":10,"column":0},"end":{"line":10,"column":50}},"7":{"start":{"line":12,"column":0},"end":{"line":12,"column":40}},"8":{"start":{"line":13,"column":0},"end":{"line":13,"column":39}},"9":{"start":{"line":14,"column":0},"end":{"line":14,"column":42}},"10":{"start":{"line":15,"column":0},"end":{"line":15,"column":49}},"11":{"start":{"line":17,"column":0},"end":{"line":17,"column":24}}},"fnMap":{},"branchMap":{},"s":{"0":1,"1":1,"2":1,"3":1,"4":1,"5":1,"6":1,"7":1,"8":1,"9":1,"10":1,"11":1},"f":{},"b":{},"_coverageSchema":"1a1c01bbd47fc00a2c39e90264f33305004495a9","hash":"51845d0d24ba92d653f0d2a36a521df5cb50046b"}
,"C:\\Users\\AR FAST\\Desktop\\notes\\cohort-9-mern-13941-umer\\backend\\routes\\userRoutes.js": {"path":"C:\\Users\\AR FAST\\Desktop\\notes\\cohort-9-mern-13941-umer\\backend\\routes\\userRoutes.js","statementMap":{"0":{"start":{"line":1,"column":16},"end":{"line":1,"column":34}},"1":{"start":{"line":2,"column":23},"end":{"line":2,"column":63}},"2":{"start":{"line":3,"column":23},"end":{"line":3,"column":63}},"3":{"start":{"line":5,"column":15},"end":{"line":5,"column":31}},"4":{"start":{"line":7,"column":0},"end":{"line":7,"column":35}},"5":{"start":{"line":8,"column":0},"end":{"line":8,"column":50}},"6":{"start":{"line":10,"column":0},"end":{"line":10,"column":24}}},"fnMap":{},"branchMap":{},"s":{"0":1,"1":1,"2":1,"3":1,"4":1,"5":1,"6":1},"f":{},"b":{},"_coverageSchema":"1a1c01bbd47fc00a2c39e90264f33305004495a9","hash":"48ffb35f7465bbd5a7abac4afab17eeaff0ad059"}
}
